<?xml version="1.0" encoding="UTF-8"?>
<!-- Generated by org.testng.reporters.JUnitReportReporter -->
<testsuite skipped="0" hostname="Jarvis" name="com.qa.test.GetAPITest" tests="1" failures="0" timestamp="2019-12-05T03:10:31 IST" time="2.713" errors="0">
  <testcase name="getAPITest" time="2.713" classname="com.qa.test.GetAPITest"/>
</testsuite> <!-- com.qa.test.GetAPITest -->
