<?xml version="1.0" encoding="UTF-8"?>
<!-- Generated by org.testng.reporters.JUnitReportReporter -->
<testsuite skipped="0" hostname="Jarvis" name="com.qa.test.PostAPITest" tests="1" failures="0" timestamp="2020-01-11T22:42:19 IST" time="2.339" errors="0">
  <testcase name="postAPITest" time="2.339" classname="com.qa.test.PostAPITest"/>
</testsuite> <!-- com.qa.test.PostAPITest -->
